<?xml version="1.0" encoding="utf-8"?><testsuites name="pytest tests"><testsuite name="pytest" errors="0" failures="0" skipped="0" tests="35" time="65.231" timestamp="2026-06-03T16:15:49.847406+00:00" hostname="agent-env-30dac3a0-2430-44bc-9994-30d780bb1f27"><testcase classname="backend.tests.test_jhapay_backend.TestHealthAuth" name="test_health" time="0.534" /><testcase classname="backend.tests.test_jhapay_backend.TestHealthAuth" name="test_pin_success" time="0.048" /><testcase classname="backend.tests.test_jhapay_backend.TestHealthAuth" name="test_pin_invalid" time="0.072" /><testcase classname="backend.tests.test_jhapay_backend.TestDashboard" name="test_dashboard" time="0.099" /><testcase classname="backend.tests.test_jhapay_backend.TestDashboard" name="test_branches" time="0.088" /><testcase classname="backend.tests.test_jhapay_backend.TestDashboard" name="test_menu" time="0.050" /><testcase classname="backend.tests.test_jhapay_backend.TestDashboard" name="test_customers" time="0.040" /><testcase classname="backend.tests.test_jhapay_backend.TestDashboard" name="test_revenue" time="0.046" /><testcase classname="backend.tests.test_jhapay_backend.TestDashboard" name="test_forecast" time="0.041" /><testcase classname="backend.tests.test_jhapay_backend.TestDashboard" name="test_operations" time="0.079" /><testcase classname="backend.tests.test_jhapay_backend.TestAIChat" name="test_chat_once_decision_card" time="8.566" /><testcase classname="backend.tests.test_jhapay_backend.TestAIChat" name="test_chat_guardrail" time="2.973" /><testcase classname="backend.tests.test_jhapay_backend.TestAIChat" name="test_chat_streaming_sse" time="4.481" /><testcase classname="backend.tests.test_jhapay_backend.TestCampaigns" name="test_campaign_generate" time="5.036" /><testcase classname="backend.tests.test_jhapay_backend.TestActions" name="test_execute" time="0.077" /><testcase classname="backend.tests.test_jhapay_backend.TestReports" name="test_daily" time="0.114" /><testcase classname="backend.tests.test_jhapay_backend.TestReports" name="test_invalid" time="0.057" /><testcase classname="backend.tests.test_jhapay_backend.TestPdfReports" name="test_pdf_ok[daily]" time="0.099" /><testcase classname="backend.tests.test_jhapay_backend.TestPdfReports" name="test_pdf_ok[weekly]" time="0.104" /><testcase classname="backend.tests.test_jhapay_backend.TestPdfReports" name="test_pdf_ok[monthly]" time="0.101" /><testcase classname="backend.tests.test_jhapay_backend.TestPdfReports" name="test_pdf_ok[branch]" time="0.132" /><testcase classname="backend.tests.test_jhapay_backend.TestPdfReports" name="test_pdf_ok[investor]" time="0.101" /><testcase classname="backend.tests.test_jhapay_backend.TestPdfReports" name="test_pdf_ok[marketing]" time="0.107" /><testcase classname="backend.tests.test_jhapay_backend.TestPdfReports" name="test_pdf_invalid_type" time="0.039" /><testcase classname="backend.tests.test_jhapay_backend.TestClarifyGate" name="test_short_input_returns_clarify[you]" time="4.048" /><testcase classname="backend.tests.test_jhapay_backend.TestClarifyGate" name="test_short_input_returns_clarify[ok]" time="3.031" /><testcase classname="backend.tests.test_jhapay_backend.TestClarifyGate" name="test_short_input_returns_clarify[hi]" time="3.642" /><testcase classname="backend.tests.test_jhapay_backend.TestClarifyGate" name="test_short_input_returns_clarify[what?]" time="3.118" /><testcase classname="backend.tests.test_jhapay_backend.TestConciseReply" name="test_business_today_concise" time="5.907" /><testcase classname="backend.tests.test_jhapay_backend.TestDataSource" name="test_dashboard_has_data_source_mock" time="0.084" /><testcase classname="backend.tests.test_jhapay_backend.TestIter3Actions" name="test_promotion_action_from_combo_prompt" time="8.490" /><testcase classname="backend.tests.test_jhapay_backend.TestIter3Actions" name="test_notify_action_from_manager_prompt" time="9.652" /><testcase classname="backend.tests.test_jhapay_backend.TestVoice" name="test_transcribe_empty" time="0.169" /><testcase classname="backend.tests.test_jhapay_backend.TestVoice" name="test_transcribe_silence" time="1.982" /><testcase classname="backend.tests.test_jhapay_backend.TestVoice" name="test_tts" time="1.911" /></testsuite></testsuites>