<?xml version="1.0" encoding="utf-8"?><testsuites name="pytest tests"><testsuite name="pytest" errors="0" failures="0" skipped="0" tests="20" time="29.409" timestamp="2026-06-03T15:19:44.184369+00:00" hostname="agent-env-30dac3a0-2430-44bc-9994-30d780bb1f27"><testcase classname="backend.tests.test_jhapay_backend.TestHealthAuth" name="test_health" time="0.153" /><testcase classname="backend.tests.test_jhapay_backend.TestHealthAuth" name="test_pin_success" time="0.043" /><testcase classname="backend.tests.test_jhapay_backend.TestHealthAuth" name="test_pin_invalid" time="0.044" /><testcase classname="backend.tests.test_jhapay_backend.TestDashboard" name="test_dashboard" time="0.118" /><testcase classname="backend.tests.test_jhapay_backend.TestDashboard" name="test_branches" time="0.090" /><testcase classname="backend.tests.test_jhapay_backend.TestDashboard" name="test_menu" time="0.060" /><testcase classname="backend.tests.test_jhapay_backend.TestDashboard" name="test_customers" time="0.049" /><testcase classname="backend.tests.test_jhapay_backend.TestDashboard" name="test_revenue" time="0.056" /><testcase classname="backend.tests.test_jhapay_backend.TestDashboard" name="test_forecast" time="0.047" /><testcase classname="backend.tests.test_jhapay_backend.TestDashboard" name="test_operations" time="0.081" /><testcase classname="backend.tests.test_jhapay_backend.TestAIChat" name="test_chat_once_decision_card" time="7.796" /><testcase classname="backend.tests.test_jhapay_backend.TestAIChat" name="test_chat_guardrail" time="4.336" /><testcase classname="backend.tests.test_jhapay_backend.TestAIChat" name="test_chat_streaming_sse" time="7.805" /><testcase classname="backend.tests.test_jhapay_backend.TestCampaigns" name="test_campaign_generate" time="6.025" /><testcase classname="backend.tests.test_jhapay_backend.TestActions" name="test_execute" time="0.044" /><testcase classname="backend.tests.test_jhapay_backend.TestReports" name="test_daily" time="0.116" /><testcase classname="backend.tests.test_jhapay_backend.TestReports" name="test_invalid" time="0.047" /><testcase classname="backend.tests.test_jhapay_backend.TestVoice" name="test_transcribe_empty" time="0.261" /><testcase classname="backend.tests.test_jhapay_backend.TestVoice" name="test_transcribe_silence" time="0.824" /><testcase classname="backend.tests.test_jhapay_backend.TestVoice" name="test_tts" time="1.350" /></testsuite></testsuites>